<?xml version="1.0" encoding="UTF-8"?>
<testng-results ignored="0" total="1" passed="1" failed="0" skipped="0">
  <reporter-output>
    <line>
      <![CDATA[lauching chromeBrowser]]>
    </line>
    <line>
      <![CDATA[Lauching website]]>
    </line>
    <line>
      <![CDATA[Waiting for 3000 milisec]]>
    </line>
    <line>
      <![CDATA[entering the email]]>
    </line>
    <line>
      <![CDATA[Waiting for 2000 milisec]]>
    </line>
    <line>
      <![CDATA[Clicking on Next Button]]>
    </line>
    <line>
      <![CDATA[Waiting for 3000 milisec]]>
    </line>
    <line>
      <![CDATA[Enteting password]]>
    </line>
    <line>
      <![CDATA[Waiting for 3000 milisec]]>
    </line>
    <line>
      <![CDATA[clicking on next2 button]]>
    </line>
    <line>
      <![CDATA[Waiting for 3000 milisec]]>
    </line>
    <line>
      <![CDATA[Clicking on Compose button]]>
    </line>
    <line>
      <![CDATA[Waiting for 3000 milisec]]>
    </line>
    <line>
      <![CDATA[Entering email into To field ]]>
    </line>
    <line>
      <![CDATA[Waiting for 2000 milisec]]>
    </line>
    <line>
      <![CDATA[Waiting for 2000 milisec]]>
    </line>
    <line>
      <![CDATA[Waiting for 2000 milisec]]>
    </line>
    <line>
      <![CDATA[entering cc field]]>
    </line>
    <line>
      <![CDATA[Waiting for 2000 milisec]]>
    </line>
    <line>
      <![CDATA[Waiting for 2000 milisec]]>
    </line>
    <line>
      <![CDATA[Waiting for 2000 milisec]]>
    </line>
    <line>
      <![CDATA[entering Bcc field]]>
    </line>
    <line>
      <![CDATA[Waiting for 2000 milisec]]>
    </line>
    <line>
      <![CDATA[Entering Subject]]>
    </line>
    <line>
      <![CDATA[Waiting for 2000 milisec]]>
    </line>
    <line>
      <![CDATA[Entering body text ]]>
    </line>
    <line>
      <![CDATA[Waiting for 2000 milisec]]>
    </line>
    <line>
      <![CDATA[Waiting for 1500 milisec]]>
    </line>
    <line>
      <![CDATA[Clicking on mButton]]>
    </line>
    <line>
      <![CDATA[Waiting for 3000 milisec]]>
    </line>
    <line>
      <![CDATA[Signing out Gmail]]>
    </line>
    <line>
      <![CDATA[Waiting for 3000 milisec]]>
    </line>
  </reporter-output>
  <suite started-at="2024-03-20T12:22:47 IST" name="Default suite" finished-at="2024-03-20T12:23:51 IST" duration-ms="64927">
    <groups>
    </groups>
    <test started-at="2024-03-20T12:22:47 IST" name="Default test" finished-at="2024-03-20T12:23:51 IST" duration-ms="64927">
      <class name="test.TC01_verifyMailSend">
        <test-method is-config="true" signature="OpenBrowser()[pri:0, instance:test.TC01_verifyMailSend@689604d9]" started-at="2024-03-20T12:22:47 IST" name="OpenBrowser" finished-at="2024-03-20T12:22:57 IST" duration-ms="10391" status="PASS">
          <reporter-output>
            <line>
              <![CDATA[lauching chromeBrowser]]>
            </line>
            <line>
              <![CDATA[Lauching website]]>
            </line>
          </reporter-output>
        </test-method> <!-- OpenBrowser -->
        <test-method is-config="true" signature="EnterloginPageDetails()[pri:0, instance:test.TC01_verifyMailSend@689604d9]" started-at="2024-03-20T12:22:57 IST" name="EnterloginPageDetails" finished-at="2024-03-20T12:23:39 IST" duration-ms="41831" status="PASS">
          <reporter-output>
            <line>
              <![CDATA[Waiting for 3000 milisec]]>
            </line>
            <line>
              <![CDATA[entering the email]]>
            </line>
            <line>
              <![CDATA[Waiting for 2000 milisec]]>
            </line>
            <line>
              <![CDATA[Clicking on Next Button]]>
            </line>
            <line>
              <![CDATA[Waiting for 3000 milisec]]>
            </line>
            <line>
              <![CDATA[Enteting password]]>
            </line>
            <line>
              <![CDATA[Waiting for 3000 milisec]]>
            </line>
            <line>
              <![CDATA[clicking on next2 button]]>
            </line>
            <line>
              <![CDATA[Waiting for 3000 milisec]]>
            </line>
            <line>
              <![CDATA[Clicking on Compose button]]>
            </line>
            <line>
              <![CDATA[Waiting for 3000 milisec]]>
            </line>
            <line>
              <![CDATA[Entering email into To field ]]>
            </line>
            <line>
              <![CDATA[Waiting for 2000 milisec]]>
            </line>
            <line>
              <![CDATA[Waiting for 2000 milisec]]>
            </line>
            <line>
              <![CDATA[Waiting for 2000 milisec]]>
            </line>
            <line>
              <![CDATA[entering cc field]]>
            </line>
            <line>
              <![CDATA[Waiting for 2000 milisec]]>
            </line>
            <line>
              <![CDATA[Waiting for 2000 milisec]]>
            </line>
            <line>
              <![CDATA[Waiting for 2000 milisec]]>
            </line>
            <line>
              <![CDATA[entering Bcc field]]>
            </line>
            <line>
              <![CDATA[Waiting for 2000 milisec]]>
            </line>
          </reporter-output>
        </test-method> <!-- EnterloginPageDetails -->
        <test-method signature="VerifyMailsendSuccessfully()[pri:0, instance:test.TC01_verifyMailSend@689604d9]" started-at="2024-03-20T12:23:39 IST" name="VerifyMailsendSuccessfully" finished-at="2024-03-20T12:23:43 IST" duration-ms="4367" status="PASS">
          <reporter-output>
            <line>
              <![CDATA[Entering Subject]]>
            </line>
            <line>
              <![CDATA[Waiting for 2000 milisec]]>
            </line>
            <line>
              <![CDATA[Entering body text ]]>
            </line>
            <line>
              <![CDATA[Waiting for 2000 milisec]]>
            </line>
          </reporter-output>
        </test-method> <!-- VerifyMailsendSuccessfully -->
        <test-method is-config="true" signature="LogoutGmail()[pri:0, instance:test.TC01_verifyMailSend@689604d9]" started-at="2024-03-20T12:23:43 IST" name="LogoutGmail" finished-at="2024-03-20T12:23:51 IST" duration-ms="8291" status="PASS">
          <reporter-output>
            <line>
              <![CDATA[Waiting for 1500 milisec]]>
            </line>
            <line>
              <![CDATA[Clicking on mButton]]>
            </line>
            <line>
              <![CDATA[Waiting for 3000 milisec]]>
            </line>
            <line>
              <![CDATA[Signing out Gmail]]>
            </line>
            <line>
              <![CDATA[Waiting for 3000 milisec]]>
            </line>
          </reporter-output>
        </test-method> <!-- LogoutGmail -->
        <test-method is-config="true" signature="quiteBrowser()[pri:0, instance:test.TC01_verifyMailSend@689604d9]" started-at="2024-03-20T12:23:51 IST" name="quiteBrowser" finished-at="2024-03-20T12:23:51 IST" duration-ms="1" status="PASS">
          <reporter-output>
          </reporter-output>
        </test-method> <!-- quiteBrowser -->
      </class> <!-- test.TC01_verifyMailSend -->
    </test> <!-- Default test -->
  </suite> <!-- Default suite -->
</testng-results>
